
Circuit 1 cell sky130_fd_pr__pfet_01v8 and Circuit 2 cell sky130_fd_pr__pfet_01v8 are black boxes.
Equate elements:  no current cell.
Device classes sky130_fd_pr__pfet_01v8 and sky130_fd_pr__pfet_01v8 are equivalent.

Circuit 1 cell sky130_fd_pr__nfet_01v8 and Circuit 2 cell sky130_fd_pr__nfet_01v8 are black boxes.
Equate elements:  no current cell.
Device classes sky130_fd_pr__nfet_01v8 and sky130_fd_pr__nfet_01v8 are equivalent.

Class addf (1):  Merged 4 parallel devices.
Subcircuit summary:
Circuit 1: addf                            |Circuit 2: addf                            
-------------------------------------------|-------------------------------------------
sky130_fd_pr__pfet_01v8 (14)               |sky130_fd_pr__pfet_01v8 (14->12) **Mismatc 
sky130_fd_pr__nfet_01v8 (14)               |sky130_fd_pr__nfet_01v8 (14->12) **Mismatc 
Number of devices: 28 **Mismatch**         |Number of devices: 24 **Mismatch**         
Number of nets: 19                         |Number of nets: 19                         
---------------------------------------------------------------------------------------
NET mismatches: Class fragments follow (with fanout counts):
Circuit 1: addf                            |Circuit 2: addf                            

---------------------------------------------------------------------------------------
Net: a_870_521#                            |Net: net7                                  
  sky130_fd_pr__pfet_01v8/(1|3) = 2        |  sky130_fd_pr__pfet_01v8/(1|3) = 2        
                                           |  sky130_fd_pr__nfet_01v8/(1|3) = 2        
                                           |  sky130_fd_pr__pfet_01v8/2 = 1            
                                           |  sky130_fd_pr__nfet_01v8/2 = 1            
                                           |                                           
Net: a_870_115#                            |Net: net1                                  
  sky130_fd_pr__nfet_01v8/(1|3) = 2        |  sky130_fd_pr__pfet_01v8/(1|3) = 2        
                                           |  sky130_fd_pr__pfet_01v8/4 = 1            
                                           |                                           
Net: CI                                    |Net: net2                                  
  sky130_fd_pr__pfet_01v8/2 = 3            |  sky130_fd_pr__pfet_01v8/(1|3) = 2        
  sky130_fd_pr__nfet_01v8/2 = 3            |  sky130_fd_pr__pfet_01v8/4 = 1            
                                           |                                           
Net: a_784_115#                            |Net: net11                                 
  sky130_fd_pr__pfet_01v8/2 = 1            |  sky130_fd_pr__pfet_01v8/(1|3) = 2        
  sky130_fd_pr__nfet_01v8/2 = 1            |  sky130_fd_pr__pfet_01v8/4 = 1            
  sky130_fd_pr__pfet_01v8/(1|3) = 2        |                                           
  sky130_fd_pr__nfet_01v8/(1|3) = 2        |                                           
                                           |                                           
Net: a_27_521#                             |Net: net6                                  
  sky130_fd_pr__pfet_01v8/(1|3) = 3        |  sky130_fd_pr__pfet_01v8/(1|3) = 2        
                                           |  sky130_fd_pr__pfet_01v8/4 = 1            
                                           |                                           
Net: a_27_115#                             |Net: net10                                 
  sky130_fd_pr__nfet_01v8/(1|3) = 3        |  sky130_fd_pr__pfet_01v8/(1|3) = 2        
                                           |  sky130_fd_pr__pfet_01v8/4 = 1            
                                           |                                           
Net: B                                     |Net: net4                                  
  sky130_fd_pr__pfet_01v8/2 = 4            |  sky130_fd_pr__nfet_01v8/(1|3) = 2        
  sky130_fd_pr__nfet_01v8/2 = 4            |  sky130_fd_pr__nfet_01v8/4 = 1            
                                           |                                           
Net: A                                     |Net: net14                                 
  sky130_fd_pr__pfet_01v8/2 = 4            |  sky130_fd_pr__nfet_01v8/(1|3) = 2        
  sky130_fd_pr__nfet_01v8/2 = 4            |  sky130_fd_pr__nfet_01v8/4 = 1            
                                           |                                           
Net: CON                                   |Net: net9                                  
  sky130_fd_pr__pfet_01v8/2 = 2            |  sky130_fd_pr__nfet_01v8/(1|3) = 2        
  sky130_fd_pr__nfet_01v8/2 = 2            |  sky130_fd_pr__nfet_01v8/4 = 1            
  sky130_fd_pr__pfet_01v8/(1|3) = 2        |                                           
  sky130_fd_pr__nfet_01v8/(1|3) = 2        |                                           
                                           |                                           
(no matching net)                          |Net: net13                                 
                                           |  sky130_fd_pr__nfet_01v8/(1|3) = 2        
                                           |  sky130_fd_pr__nfet_01v8/4 = 1            
                                           |                                           
(no matching net)                          |Net: net12                                 
                                           |  sky130_fd_pr__nfet_01v8/(1|3) = 2        
                                           |  sky130_fd_pr__nfet_01v8/4 = 1            
                                           |                                           
(no matching net)                          |Net: net3                                  
                                           |  sky130_fd_pr__pfet_01v8/(1|3) = 2        
                                           |  sky130_fd_pr__nfet_01v8/(1|3) = 2        
                                           |  sky130_fd_pr__nfet_01v8/2 = 2            
                                           |  sky130_fd_pr__pfet_01v8/2 = 2            
                                           |                                           
(no matching net)                          |Net: in                                    
                                           |  sky130_fd_pr__pfet_01v8/2 = 9            
                                           |  sky130_fd_pr__nfet_01v8/2 = 9            
---------------------------------------------------------------------------------------

---------------------------------------------------------------------------------------
(no matching net)                          |Net: net8                                  
                                           |  sky130_fd_pr__nfet_01v8/(1|3) = 1        
                                           |                                           
(no matching net)                          |Net: net5                                  
                                           |  sky130_fd_pr__pfet_01v8/(1|3) = 1        
---------------------------------------------------------------------------------------

---------------------------------------------------------------------------------------
(no matching net)                          |Net: GND                                   
                                           |  sky130_fd_pr__nfet_01v8/(1|3) = 7        
                                           |  sky130_fd_pr__nfet_01v8/4 = 7            
                                           |                                           
(no matching net)                          |Net: VDD                                   
                                           |  sky130_fd_pr__pfet_01v8/(1|3) = 7        
                                           |  sky130_fd_pr__pfet_01v8/4 = 7            
---------------------------------------------------------------------------------------

---------------------------------------------------------------------------------------
Net: a_526_521#                            |(no matching net)                          
  sky130_fd_pr__pfet_01v8/(1|3) = 4        |                                           
                                           |                                           
Net: a_526_115#                            |(no matching net)                          
  sky130_fd_pr__nfet_01v8/(1|3) = 4        |                                           
---------------------------------------------------------------------------------------

---------------------------------------------------------------------------------------
Net: gnd                                   |(no matching net)                          
  sky130_fd_pr__nfet_01v8/(1|3) = 9        |                                           
  sky130_fd_pr__nfet_01v8/4 = 14           |                                           
                                           |                                           
Net: vdd                                   |(no matching net)                          
  sky130_fd_pr__pfet_01v8/4 = 14           |                                           
  sky130_fd_pr__pfet_01v8/(1|3) = 9        |                                           
---------------------------------------------------------------------------------------
DEVICE mismatches: Class fragments follow (with node fanout counts):
Circuit 1: addf                            |Circuit 2: addf                            

---------------------------------------------------------------------------------------
Instance: sky130_fd_pr__pfet_01v8:7        |Instance: sky130_fd_pr__pfet_01v8:M1       
  (1,3) = (6,4)                            |  (1,3) = (14,3)                           
  2 = 8                                    |  2 = 18                                   
  4 = 23                                   |  4 = 14                                   
                                           |                                           
Instance: sky130_fd_pr__pfet_01v8:13       |Instance: sky130_fd_pr__pfet_01v8:M2       
  (1,3) = (23,4)                           |  (1,3) = (14,3)                           
  2 = 8                                    |  2 = 18                                   
  4 = 23                                   |  4 = 14                                   
                                           |                                           
Instance: sky130_fd_pr__pfet_01v8:22       |Instance: sky130_fd_pr__pfet_01v8:M8       
  (1,3) = (23,4)                           |  (1,3) = (14,3)                           
  2 = 8                                    |  2 = 18                                   
  4 = 23                                   |  4 = 14                                   
                                           |                                           
Instance: sky130_fd_pr__pfet_01v8:27       |Instance: sky130_fd_pr__pfet_01v8:M21      
  (1,3) = (23,4)                           |  (1,3) = (14,3)                           
  2 = 6                                    |  2 = 18                                   
  4 = 23                                   |  4 = 14                                   
                                           |                                           
Instance: sky130_fd_pr__nfet_01v8:2        |Instance: sky130_fd_pr__pfet_01v8:M3       
  (1,3) = (23,4)                           |  (1,3) = (8,3)                            
  2 = 6                                    |  2 = 18                                   
  4 = 23                                   |  4 = 3                                    
                                           |                                           
Instance: sky130_fd_pr__nfet_01v8:18       |Instance: sky130_fd_pr__pfet_01v8:M9       
  (1,3) = (23,4)                           |  (1,3) = (3,3)                            
  2 = 8                                    |  2 = 18                                   
  4 = 23                                   |  4 = 3                                    
                                           |                                           
Instance: sky130_fd_pr__nfet_01v8:25       |Instance: sky130_fd_pr__pfet_01v8:M10      
  (1,3) = (23,4)                           |  (1,3) = (6,3)                            
  2 = 8                                    |  2 = 18                                   
  4 = 23                                   |  4 = 3                                    
                                           |                                           
Instance: sky130_fd_pr__nfet_01v8:10       |Instance: sky130_fd_pr__pfet_01v8:M16      
  (1,3) = (6,4)                            |  (1,3) = (8,3)                            
  2 = 8                                    |  2 = 18                                   
  4 = 23                                   |  4 = 3                                    
                                           |                                           
(no matching instance)                     |Instance: sky130_fd_pr__pfet_01v8:M20      
                                           |  (1,3) = (6,3)                            
                                           |  2 = 8                                    
                                           |  4 = 3                                    
                                           |                                           
                                           |                                           
(no matching instance)                     |Instance: sky130_fd_pr__pfet_01v8:M4       
                                           |  (1,3) = (14,1)                           
                                           |  2 = 18                                   
                                           |  4 = 14                                   
                                           |                                           
                                           |                                           
(no matching instance)                     |Instance: sky130_fd_pr__nfet_01v8:M11      
                                           |  (1,3) = (8,3)                            
                                           |  2 = 18                                   
                                           |  4 = 3                                    
                                           |                                           
                                           |                                           
(no matching instance)                     |Instance: sky130_fd_pr__nfet_01v8:M14      
                                           |  (1,3) = (8,3)                            
                                           |  2 = 18                                   
                                           |  4 = 3                                    
                                           |                                           
                                           |                                           
(no matching instance)                     |Instance: sky130_fd_pr__nfet_01v8:M6       
                                           |  (1,3) = (6,3)                            
                                           |  2 = 8                                    
                                           |  4 = 3                                    
                                           |                                           
                                           |                                           
(no matching instance)                     |Instance: sky130_fd_pr__nfet_01v8:M22      
                                           |  (1,3) = (6,3)                            
                                           |  2 = 18                                   
                                           |  4 = 3                                    
                                           |                                           
                                           |                                           
(no matching instance)                     |Instance: sky130_fd_pr__nfet_01v8:M23      
                                           |  (1,3) = (3,3)                            
                                           |  2 = 18                                   
                                           |  4 = 3                                    
                                           |                                           
                                           |                                           
(no matching instance)                     |Instance: sky130_fd_pr__nfet_01v8:M12      
                                           |  (1,3) = (14,3)                           
                                           |  2 = 18                                   
                                           |  4 = 14                                   
                                           |                                           
                                           |                                           
(no matching instance)                     |Instance: sky130_fd_pr__nfet_01v8:M15      
                                           |  (1,3) = (14,3)                           
                                           |  2 = 18                                   
                                           |  4 = 14                                   
                                           |                                           
                                           |                                           
(no matching instance)                     |Instance: sky130_fd_pr__nfet_01v8:M18      
                                           |  (1,3) = (14,3)                           
                                           |  2 = 18                                   
                                           |  4 = 14                                   
                                           |                                           
                                           |                                           
(no matching instance)                     |Instance: sky130_fd_pr__nfet_01v8:M24      
                                           |  (1,3) = (14,3)                           
                                           |  2 = 18                                   
                                           |  4 = 14                                   
                                           |                                           
                                           |                                           
(no matching instance)                     |Instance: sky130_fd_pr__nfet_01v8:M7       
                                           |  (1,3) = (14,1)                           
                                           |  2 = 18                                   
                                           |  4 = 14                                   
                                           |                                           
---------------------------------------------------------------------------------------
Netlists do not match.

Subcircuit pins:
Circuit 1: addf                            |Circuit 2: addf                            
-------------------------------------------|-------------------------------------------
A                                          |(no matching pin)                          
Cell pin lists are equivalent.
Device classes addf and addf are equivalent.

Final result: Netlists do not match.
