
Circuit 1 cell sky130_fd_pr__nfet_01v8 and Circuit 2 cell sky130_fd_pr__nfet_01v8 are black boxes.
Warning: Equate pins:  cell sky130_fd_pr__nfet_01v8 is a placeholder, treated as a black box.
Warning: Equate pins:  cell sky130_fd_pr__nfet_01v8 is a placeholder, treated as a black box.

Subcircuit pins:
Circuit 1: sky130_fd_pr__nfet_01v8         |Circuit 2: sky130_fd_pr__nfet_01v8         
-------------------------------------------|-------------------------------------------
1                                          |1                                          
2                                          |2                                          
3                                          |3                                          
4                                          |4                                          
---------------------------------------------------------------------------------------
Cell pin lists are equivalent.
Device classes sky130_fd_pr__nfet_01v8 and sky130_fd_pr__nfet_01v8 are equivalent.

Circuit 1 cell sky130_fd_pr__pfet_01v8 and Circuit 2 cell sky130_fd_pr__pfet_01v8 are black boxes.
Warning: Equate pins:  cell sky130_fd_pr__pfet_01v8 is a placeholder, treated as a black box.
Warning: Equate pins:  cell sky130_fd_pr__pfet_01v8 is a placeholder, treated as a black box.

Subcircuit pins:
Circuit 1: sky130_fd_pr__pfet_01v8         |Circuit 2: sky130_fd_pr__pfet_01v8         
-------------------------------------------|-------------------------------------------
1                                          |1                                          
2                                          |2                                          
3                                          |3                                          
4                                          |4                                          
---------------------------------------------------------------------------------------
Cell pin lists are equivalent.
Device classes sky130_fd_pr__pfet_01v8 and sky130_fd_pr__pfet_01v8 are equivalent.

Class inv_n84_p168 (1):  Merged 1 parallel devices.
Subcircuit summary:
Circuit 1: inv_n84_p168                    |Circuit 2: inv_n84_p168                    
-------------------------------------------|-------------------------------------------
sky130_fd_pr__nfet_01v8 (1)                |sky130_fd_pr__nfet_01v8 (1)                
sky130_fd_pr__pfet_01v8 (2)                |sky130_fd_pr__pfet_01v8 (2->1) **Mismatch* 
Number of devices: 3 **Mismatch**          |Number of devices: 2 **Mismatch**          
Number of nets: 5 **Mismatch**             |Number of nets: 4 **Mismatch**             
---------------------------------------------------------------------------------------
NET mismatches: Class fragments follow (with fanout counts):
Circuit 1: inv_n84_p168                    |Circuit 2: inv_n84_p168                    

---------------------------------------------------------------------------------------
Net: CLK_B                                 |Net: CLK_B                                 
  sky130_fd_pr__pfet_01v8/(1|3) = 1        |  sky130_fd_pr__pfet_01v8/(1|3) = 1        
  sky130_fd_pr__nfet_01v8/(1|3) = 1        |  sky130_fd_pr__nfet_01v8/(1|3) = 1        
                                           |                                           
Net: GND                                   |Net: GND                                   
  sky130_fd_pr__nfet_01v8/(1|3) = 1        |  sky130_fd_pr__nfet_01v8/(1|3) = 1        
  sky130_fd_pr__nfet_01v8/4 = 1            |  sky130_fd_pr__nfet_01v8/4 = 1            
                                           |                                           
Net: a_n182_302#                           |Net: VDD                                   
  sky130_fd_pr__pfet_01v8/(1|3) = 2        |  sky130_fd_pr__pfet_01v8/(1|3) = 1        
                                           |  sky130_fd_pr__pfet_01v8/4 = 1            
                                           |                                           
(no matching net)                          |Net: CLK                                   
                                           |  sky130_fd_pr__pfet_01v8/2 = 1            
                                           |  sky130_fd_pr__nfet_01v8/2 = 1            
---------------------------------------------------------------------------------------

---------------------------------------------------------------------------------------
Net: VDD                                   |(no matching net)                          
  sky130_fd_pr__pfet_01v8/4 = 2            |                                           
  sky130_fd_pr__pfet_01v8/(1|3) = 1        |                                           
                                           |                                           
Net: CLK                                   |(no matching net)                          
  sky130_fd_pr__nfet_01v8/2 = 1            |                                           
  sky130_fd_pr__pfet_01v8/2 = 2            |                                           
---------------------------------------------------------------------------------------
DEVICE mismatches: Class fragments follow (with node fanout counts):
Circuit 1: inv_n84_p168                    |Circuit 2: inv_n84_p168                    

---------------------------------------------------------------------------------------
Instance: sky130_fd_pr__pfet_01v8:1        |Instance: sky130_fd_pr__pfet_01v8:M1       
  (1,3) = (2,2)                            |  (1,3) = (2,2)                            
  2 = 3                                    |  2 = 2                                    
  4 = 3                                    |  4 = 2                                    
                                           |                                           
Instance: sky130_fd_pr__pfet_01v8:2        |(no matching instance)                     
  (1,3) = (3,2)                            |                                           
  2 = 3                                    |                                           
  4 = 3                                    |                                           
                                           |                                           
---------------------------------------------------------------------------------------

---------------------------------------------------------------------------------------
Instance: sky130_fd_pr__nfet_01v8:0        |Instance: sky130_fd_pr__nfet_01v8:M2       
  (1,3) = (2,2)                            |  (1,3) = (2,2)                            
  2 = 3                                    |  2 = 2                                    
  4 = 2                                    |  4 = 2                                    
---------------------------------------------------------------------------------------
Netlists do not match.

Subcircuit pins:
Circuit 1: inv_n84_p168                    |Circuit 2: inv_n84_p168                    
-------------------------------------------|-------------------------------------------
CLK_B                                      |CLK_B                                      
GND                                        |CLK **Mismatch**                           
Cell pin lists are equivalent.
Device classes inv_n84_p168 and inv_n84_p168 are equivalent.

Final result: Netlists do not match.
